<?xml version="1.0" encoding="UTF-8"?>
<testng-results skipped="0" failed="0" ignored="5" total="6" passed="1">
  <reporter-output>
  </reporter-output>
  <suite name="Default suite" duration-ms="7384" started-at="2020-08-28T19:20:58 CDT" finished-at="2020-08-28T19:21:06 CDT">
    <groups>
    </groups>
    <test name="Default test" duration-ms="7384" started-at="2020-08-28T19:20:58 CDT" finished-at="2020-08-28T19:21:06 CDT">
      <class name="test.TestPage">
        <test-method status="PASS" signature="Setup()[pri:0, instance:test.TestPage@6e6c3152]" name="Setup" is-config="true" duration-ms="8" started-at="2020-08-28T19:20:59 CDT" finished-at="2020-08-28T19:20:59 CDT">
          <reporter-output>
          </reporter-output>
        </test-method> <!-- Setup -->
        <test-method status="PASS" signature="hashmaplogin()[pri:6, instance:test.TestPage@6e6c3152]" name="hashmaplogin" duration-ms="7329" started-at="2020-08-28T19:20:59 CDT" finished-at="2020-08-28T19:21:06 CDT">
          <reporter-output>
          </reporter-output>
        </test-method> <!-- hashmaplogin -->
      </class> <!-- test.TestPage -->
    </test> <!-- Default test -->
  </suite> <!-- Default suite -->
</testng-results>
