<?xml version="1.0" encoding="UTF-8"?>
<!-- Generated by org.testng.reporters.JUnitXMLReporter -->
<testsuite hostname="DESKTOP-43FULGJ" ignored="5" name="Default test" tests="1" failures="0" timestamp="2020-08-28T19:21:06 CDT" time="7.384" errors="0">
  <testcase name="hashmaplogin" time="7.329" classname="test.TestPage"/>
  <testcase name="Image" time="0.0" classname="test.TestPage">
    <ignored/>
  </testcase> <!-- Image -->
  <testcase name="Dashboard" time="0.0" classname="test.TestPage">
    <ignored/>
  </testcase> <!-- Dashboard -->
  <testcase name="Login" time="0.0" classname="test.TestPage">
    <ignored/>
  </testcase> <!-- Login -->
  <testcase name="Windows" time="0.0" classname="test.TestPage">
    <ignored/>
  </testcase> <!-- Windows -->
  <testcase name="sidenav" time="0.0" classname="test.TestPage">
    <ignored/>
  </testcase> <!-- sidenav -->
</testsuite> <!-- Default test -->
